<?xml version="1.0" encoding="UTF-8"?>
<coverage generated="1758620126816" clover="3.2.0">
  <project timestamp="1758620126817" name="All files">
    <metrics statements="55" coveredstatements="55" conditionals="47" coveredconditionals="44" methods="10" coveredmethods="10" elements="112" coveredelements="109" complexity="0" loc="55" ncloc="55" packages="1" files="1" classes="1"/>
    <file name="helpers.ts" path="/home/nandishwar/ForwardProxy/helpers.ts">
      <metrics statements="55" coveredstatements="55" conditionals="47" coveredconditionals="44" methods="10" coveredmethods="10"/>
      <line num="1" count="2" type="stmt"/>
      <line num="21" count="2" type="stmt"/>
      <line num="22" count="10" type="cond" truecount="2" falsecount="0"/>
      <line num="23" count="4" type="stmt"/>
      <line num="24" count="3" type="cond" truecount="2" falsecount="0"/>
      <line num="26" count="3" type="cond" truecount="2" falsecount="0"/>
      <line num="28" count="6" type="cond" truecount="2" falsecount="0"/>
      <line num="29" count="1" type="stmt"/>
      <line num="30" count="5" type="cond" truecount="3" falsecount="0"/>
      <line num="31" count="3" type="stmt"/>
      <line num="32" count="3" type="stmt"/>
      <line num="33" count="2" type="stmt"/>
      <line num="35" count="3" type="stmt"/>
      <line num="37" count="2" type="stmt"/>
      <line num="40" count="2" type="stmt"/>
      <line num="45" count="2" type="stmt"/>
      <line num="46" count="4" type="stmt"/>
      <line num="47" count="11" type="cond" truecount="1" falsecount="0"/>
      <line num="51" count="2" type="stmt"/>
      <line num="52" count="9" type="cond" truecount="1" falsecount="0"/>
      <line num="53" count="9" type="cond" truecount="1" falsecount="0"/>
      <line num="54" count="9" type="cond" truecount="1" falsecount="0"/>
      <line num="55" count="9" type="cond" truecount="1" falsecount="0"/>
      <line num="56" count="9" type="cond" truecount="2" falsecount="0"/>
      <line num="57" count="9" type="stmt"/>
      <line num="58" count="9" type="cond" truecount="1" falsecount="0"/>
      <line num="59" count="9" type="stmt"/>
      <line num="62" count="2" type="stmt"/>
      <line num="63" count="8" type="stmt"/>
      <line num="64" count="8" type="cond" truecount="2" falsecount="0"/>
      <line num="65" count="3" type="stmt"/>
      <line num="66" count="2" type="stmt"/>
      <line num="68" count="5" type="stmt"/>
      <line num="69" count="5" type="cond" truecount="4" falsecount="0"/>
      <line num="72" count="1" type="stmt"/>
      <line num="73" count="1" type="cond" truecount="2" falsecount="2"/>
      <line num="77" count="2" type="stmt"/>
      <line num="78" count="4" type="cond" truecount="2" falsecount="0"/>
      <line num="79" count="4" type="cond" truecount="1" falsecount="0"/>
      <line num="80" count="2" type="cond" truecount="2" falsecount="0"/>
      <line num="81" count="2" type="cond" truecount="4" falsecount="0"/>
      <line num="82" count="1" type="stmt"/>
      <line num="84" count="1" type="stmt"/>
      <line num="87" count="2" type="stmt"/>
      <line num="88" count="7" type="stmt"/>
      <line num="89" count="7" type="stmt"/>
      <line num="90" count="7" type="stmt"/>
      <line num="91" count="10" type="cond" truecount="1" falsecount="0"/>
      <line num="92" count="9" type="cond" truecount="3" falsecount="1"/>
      <line num="93" count="9" type="cond" truecount="3" falsecount="0"/>
      <line num="94" count="6" type="cond" truecount="1" falsecount="0"/>
      <line num="95" count="6" type="stmt"/>
      <line num="96" count="6" type="stmt"/>
      <line num="100" count="7" type="stmt"/>
      <line num="103" count="2" type="stmt"/>
    </file>
  </project>
</coverage>
