{"/home/nandishwar/ForwardProxy/helpers.ts": {"path":"/home/nandishwar/ForwardProxy/helpers.ts","statementMap":{"0":{"start":{"line":21,"column":0},"end":{"line":21,"column":16}},"1":{"start":{"line":45,"column":0},"end":{"line":45,"column":16}},"2":{"start":{"line":51,"column":0},"end":{"line":51,"column":16}},"3":{"start":{"line":62,"column":0},"end":{"line":62,"column":16}},"4":{"start":{"line":77,"column":0},"end":{"line":77,"column":16}},"5":{"start":{"line":87,"column":0},"end":{"line":87,"column":16}},"6":{"start":{"line":1,"column":0},"end":{"line":1,"column":26}},"7":{"start":{"line":22,"column":1},"end":{"line":36,"column":2}},"8":{"start":{"line":23,"column":2},"end":{"line":27,"column":5}},"9":{"start":{"line":24,"column":3},"end":{"line":24,"column":37}},"10":{"start":{"line":26,"column":3},"end":{"line":26,"column":37}},"11":{"start":{"line":28,"column":8},"end":{"line":36,"column":2}},"12":{"start":{"line":29,"column":2},"end":{"line":29,"column":33}},"13":{"start":{"line":30,"column":8},"end":{"line":36,"column":2}},"14":{"start":{"line":31,"column":38},"end":{"line":31,"column":40}},"15":{"start":{"line":32,"column":2},"end":{"line":34,"column":3}},"16":{"start":{"line":33,"column":3},"end":{"line":33,"column":39}},"17":{"start":{"line":35,"column":2},"end":{"line":35,"column":16}},"18":{"start":{"line":37,"column":1},"end":{"line":37,"column":12}},"19":{"start":{"line":40,"column":36},"end":{"line":43,"column":2}},"20":{"start":{"line":46,"column":1},"end":{"line":48,"column":2}},"21":{"start":{"line":47,"column":2},"end":{"line":47,"column":61}},"22":{"start":{"line":47,"column":43},"end":{"line":47,"column":61}},"23":{"start":{"line":52,"column":1},"end":{"line":52,"column":31}},"24":{"start":{"line":52,"column":16},"end":{"line":52,"column":31}},"25":{"start":{"line":53,"column":1},"end":{"line":53,"column":56}},"26":{"start":{"line":53,"column":30},"end":{"line":53,"column":56}},"27":{"start":{"line":54,"column":1},"end":{"line":54,"column":26}},"28":{"start":{"line":54,"column":14},"end":{"line":54,"column":26}},"29":{"start":{"line":55,"column":1},"end":{"line":55,"column":54}},"30":{"start":{"line":55,"column":29},"end":{"line":55,"column":54}},"31":{"start":{"line":56,"column":16},"end":{"line":56,"column":93}},"32":{"start":{"line":56,"column":62},"end":{"line":56,"column":92}},"33":{"start":{"line":57,"column":1},"end":{"line":57,"column":68}},"34":{"start":{"line":57,"column":58},"end":{"line":57,"column":66}},"35":{"start":{"line":58,"column":1},"end":{"line":58,"column":58}},"36":{"start":{"line":58,"column":32},"end":{"line":58,"column":58}},"37":{"start":{"line":59,"column":1},"end":{"line":59,"column":17}},"38":{"start":{"line":63,"column":1},"end":{"line":74,"column":2}},"39":{"start":{"line":64,"column":2},"end":{"line":70,"column":3}},"40":{"start":{"line":65,"column":13},"end":{"line":65,"column":28}},"41":{"start":{"line":66,"column":3},"end":{"line":66,"column":53}},"42":{"start":{"line":68,"column":18},"end":{"line":68,"column":38}},"43":{"start":{"line":69,"column":3},"end":{"line":69,"column":59}},"44":{"start":{"line":72,"column":17},"end":{"line":72,"column":37}},"45":{"start":{"line":73,"column":2},"end":{"line":73,"column":58}},"46":{"start":{"line":78,"column":20},"end":{"line":78,"column":72}},"47":{"start":{"line":79,"column":1},"end":{"line":79,"column":50}},"48":{"start":{"line":79,"column":17},"end":{"line":79,"column":50}},"49":{"start":{"line":80,"column":14},"end":{"line":80,"column":74}},"50":{"start":{"line":81,"column":1},"end":{"line":83,"column":2}},"51":{"start":{"line":82,"column":2},"end":{"line":82,"column":30}},"52":{"start":{"line":84,"column":1},"end":{"line":84,"column":13}},"53":{"start":{"line":88,"column":31},"end":{"line":88,"column":35}},"54":{"start":{"line":89,"column":15},"end":{"line":89,"column":17}},"55":{"start":{"line":90,"column":1},"end":{"line":99,"column":2}},"56":{"start":{"line":91,"column":2},"end":{"line":91,"column":24}},"57":{"start":{"line":91,"column":15},"end":{"line":91,"column":24}},"58":{"start":{"line":92,"column":17},"end":{"line":92,"column":76}},"59":{"start":{"line":93,"column":2},"end":{"line":98,"column":3}},"60":{"start":{"line":94,"column":3},"end":{"line":97,"column":4}},"61":{"start":{"line":95,"column":4},"end":{"line":95,"column":30}},"62":{"start":{"line":96,"column":4},"end":{"line":96,"column":28}},"63":{"start":{"line":100,"column":1},"end":{"line":100,"column":13}},"64":{"start":{"line":103,"column":13},"end":{"line":103,"column":46}}},"fnMap":{"0":{"name":"replaceEnvVars","decl":{"start":{"line":21,"column":16},"end":{"line":21,"column":30}},"loc":{"start":{"line":21,"column":39},"end":{"line":38,"column":1}}},"1":{"name":"(anonymous_1)","decl":{"start":{"line":23,"column":39},"end":{"line":23,"column":40}},"loc":{"start":{"line":23,"column":71},"end":{"line":25,"column":3}}},"2":{"name":"(anonymous_2)","decl":{"start":{"line":25,"column":38},"end":{"line":25,"column":39}},"loc":{"start":{"line":25,"column":70},"end":{"line":27,"column":3}}},"3":{"name":"stripNginxHeaders","decl":{"start":{"line":45,"column":16},"end":{"line":45,"column":33}},"loc":{"start":{"line":45,"column":62},"end":{"line":49,"column":1}}},"4":{"name":"joinPaths","decl":{"start":{"line":51,"column":16},"end":{"line":51,"column":25}},"loc":{"start":{"line":51,"column":58},"end":{"line":60,"column":1}}},"5":{"name":"(anonymous_5)","decl":{"start":{"line":56,"column":53},"end":{"line":56,"column":58}},"loc":{"start":{"line":56,"column":62},"end":{"line":56,"column":92}}},"6":{"name":"(anonymous_6)","decl":{"start":{"line":57,"column":46},"end":{"line":57,"column":47}},"loc":{"start":{"line":57,"column":58},"end":{"line":57,"column":66}}},"7":{"name":"extractPathnameAndQuery","decl":{"start":{"line":62,"column":16},"end":{"line":62,"column":39}},"loc":{"start":{"line":62,"column":89},"end":{"line":75,"column":1}}},"8":{"name":"getUserIdFromReq","decl":{"start":{"line":77,"column":16},"end":{"line":77,"column":32}},"loc":{"start":{"line":77,"column":70},"end":{"line":85,"column":1}}},"9":{"name":"findRouteByPathWithRoutes","decl":{"start":{"line":87,"column":16},"end":{"line":87,"column":41}},"loc":{"start":{"line":87,"column":89},"end":{"line":101,"column":1}}}},"branchMap":{"0":{"loc":{"start":{"line":22,"column":1},"end":{"line":36,"column":2}},"type":"if","locations":[{"start":{"line":22,"column":1},"end":{"line":36,"column":2}},{"start":{"line":28,"column":8},"end":{"line":36,"column":2}}]},"1":{"loc":{"start":{"line":24,"column":10},"end":{"line":24,"column":36}},"type":"binary-expr","locations":[{"start":{"line":24,"column":10},"end":{"line":24,"column":30}},{"start":{"line":24,"column":34},"end":{"line":24,"column":36}}]},"2":{"loc":{"start":{"line":26,"column":10},"end":{"line":26,"column":36}},"type":"binary-expr","locations":[{"start":{"line":26,"column":10},"end":{"line":26,"column":30}},{"start":{"line":26,"column":34},"end":{"line":26,"column":36}}]},"3":{"loc":{"start":{"line":28,"column":8},"end":{"line":36,"column":2}},"type":"if","locations":[{"start":{"line":28,"column":8},"end":{"line":36,"column":2}},{"start":{"line":30,"column":8},"end":{"line":36,"column":2}}]},"4":{"loc":{"start":{"line":30,"column":8},"end":{"line":36,"column":2}},"type":"if","locations":[{"start":{"line":30,"column":8},"end":{"line":36,"column":2}}]},"5":{"loc":{"start":{"line":30,"column":12},"end":{"line":30,"column":42}},"type":"binary-expr","locations":[{"start":{"line":30,"column":12},"end":{"line":30,"column":15}},{"start":{"line":30,"column":19},"end":{"line":30,"column":42}}]},"6":{"loc":{"start":{"line":47,"column":2},"end":{"line":47,"column":61}},"type":"if","locations":[{"start":{"line":47,"column":2},"end":{"line":47,"column":61}}]},"7":{"loc":{"start":{"line":52,"column":1},"end":{"line":52,"column":31}},"type":"if","locations":[{"start":{"line":52,"column":1},"end":{"line":52,"column":31}}]},"8":{"loc":{"start":{"line":53,"column":1},"end":{"line":53,"column":56}},"type":"if","locations":[{"start":{"line":53,"column":1},"end":{"line":53,"column":56}}]},"9":{"loc":{"start":{"line":54,"column":1},"end":{"line":54,"column":26}},"type":"if","locations":[{"start":{"line":54,"column":1},"end":{"line":54,"column":26}}]},"10":{"loc":{"start":{"line":55,"column":1},"end":{"line":55,"column":54}},"type":"if","locations":[{"start":{"line":55,"column":1},"end":{"line":55,"column":54}}]},"11":{"loc":{"start":{"line":56,"column":62},"end":{"line":56,"column":92}},"type":"cond-expr","locations":[{"start":{"line":56,"column":81},"end":{"line":56,"column":84}},{"start":{"line":56,"column":87},"end":{"line":56,"column":92}}]},"12":{"loc":{"start":{"line":58,"column":1},"end":{"line":58,"column":58}},"type":"if","locations":[{"start":{"line":58,"column":1},"end":{"line":58,"column":58}}]},"13":{"loc":{"start":{"line":64,"column":2},"end":{"line":70,"column":3}},"type":"if","locations":[{"start":{"line":64,"column":2},"end":{"line":70,"column":3}},{"start":{"line":67,"column":9},"end":{"line":70,"column":3}}]},"14":{"loc":{"start":{"line":69,"column":22},"end":{"line":69,"column":30}},"type":"binary-expr","locations":[{"start":{"line":69,"column":22},"end":{"line":69,"column":23}},{"start":{"line":69,"column":27},"end":{"line":69,"column":30}}]},"15":{"loc":{"start":{"line":69,"column":40},"end":{"line":69,"column":56}},"type":"cond-expr","locations":[{"start":{"line":69,"column":44},"end":{"line":69,"column":51}},{"start":{"line":69,"column":54},"end":{"line":69,"column":56}}]},"16":{"loc":{"start":{"line":73,"column":21},"end":{"line":73,"column":29}},"type":"binary-expr","locations":[{"start":{"line":73,"column":21},"end":{"line":73,"column":22}},{"start":{"line":73,"column":26},"end":{"line":73,"column":29}}]},"17":{"loc":{"start":{"line":73,"column":39},"end":{"line":73,"column":55}},"type":"cond-expr","locations":[{"start":{"line":73,"column":43},"end":{"line":73,"column":50}},{"start":{"line":73,"column":53},"end":{"line":73,"column":55}}]},"18":{"loc":{"start":{"line":78,"column":20},"end":{"line":78,"column":72}},"type":"binary-expr","locations":[{"start":{"line":78,"column":20},"end":{"line":78,"column":44}},{"start":{"line":78,"column":48},"end":{"line":78,"column":72}}]},"19":{"loc":{"start":{"line":79,"column":1},"end":{"line":79,"column":50}},"type":"if","locations":[{"start":{"line":79,"column":1},"end":{"line":79,"column":50}}]},"20":{"loc":{"start":{"line":80,"column":14},"end":{"line":80,"column":74}},"type":"binary-expr","locations":[{"start":{"line":80,"column":14},"end":{"line":80,"column":42}},{"start":{"line":80,"column":46},"end":{"line":80,"column":74}}]},"21":{"loc":{"start":{"line":81,"column":1},"end":{"line":83,"column":2}},"type":"if","locations":[{"start":{"line":81,"column":1},"end":{"line":83,"column":2}}]},"22":{"loc":{"start":{"line":81,"column":5},"end":{"line":81,"column":81}},"type":"binary-expr","locations":[{"start":{"line":81,"column":5},"end":{"line":81,"column":9}},{"start":{"line":81,"column":13},"end":{"line":81,"column":37}},{"start":{"line":81,"column":41},"end":{"line":81,"column":81}}]},"23":{"loc":{"start":{"line":91,"column":2},"end":{"line":91,"column":24}},"type":"if","locations":[{"start":{"line":91,"column":2},"end":{"line":91,"column":24}}]},"24":{"loc":{"start":{"line":92,"column":17},"end":{"line":92,"column":76}},"type":"binary-expr","locations":[{"start":{"line":92,"column":17},"end":{"line":92,"column":26}},{"start":{"line":92,"column":31},"end":{"line":92,"column":75}}]},"25":{"loc":{"start":{"line":92,"column":31},"end":{"line":92,"column":75}},"type":"cond-expr","locations":[{"start":{"line":92,"column":54},"end":{"line":92,"column":60}},{"start":{"line":92,"column":63},"end":{"line":92,"column":75}}]},"26":{"loc":{"start":{"line":93,"column":2},"end":{"line":98,"column":3}},"type":"if","locations":[{"start":{"line":93,"column":2},"end":{"line":98,"column":3}}]},"27":{"loc":{"start":{"line":93,"column":6},"end":{"line":93,"column":56}},"type":"binary-expr","locations":[{"start":{"line":93,"column":6},"end":{"line":93,"column":25}},{"start":{"line":93,"column":29},"end":{"line":93,"column":56}}]},"28":{"loc":{"start":{"line":94,"column":3},"end":{"line":97,"column":4}},"type":"if","locations":[{"start":{"line":94,"column":3},"end":{"line":97,"column":4}}]}},"s":{"0":2,"1":2,"2":2,"3":2,"4":2,"5":2,"6":2,"7":10,"8":4,"9":3,"10":3,"11":6,"12":1,"13":5,"14":3,"15":3,"16":2,"17":3,"18":2,"19":2,"20":4,"21":11,"22":5,"23":9,"24":1,"25":9,"26":5,"27":9,"28":2,"29":9,"30":4,"31":9,"32":2,"33":9,"34":1,"35":9,"36":1,"37":9,"38":8,"39":8,"40":3,"41":2,"42":5,"43":5,"44":1,"45":1,"46":4,"47":4,"48":2,"49":2,"50":2,"51":1,"52":1,"53":7,"54":7,"55":7,"56":10,"57":1,"58":9,"59":9,"60":6,"61":6,"62":6,"63":7,"64":2},"f":{"0":10,"1":3,"2":3,"3":4,"4":9,"5":2,"6":1,"7":8,"8":4,"9":7},"b":{"0":[4,6],"1":[3,1],"2":[3,1],"3":[1,5],"4":[3],"5":[5,4],"6":[5],"7":[1],"8":[5],"9":[2],"10":[4],"11":[1,1],"12":[1],"13":[3,5],"14":[5,2],"15":[3,2],"16":[1,0],"17":[0,1],"18":[4,3],"19":[2],"20":[2,2],"21":[1],"22":[2,1,1],"23":[1],"24":[9,2],"25":[0,2],"26":[6],"27":[9,6],"28":[6]}}
}
