TN:
SF:helpers.ts
FN:21,replaceEnvVars
FN:23,(anonymous_1)
FN:25,(anonymous_2)
FN:45,stripNginxHeaders
FN:51,joinPaths
FN:56,(anonymous_5)
FN:57,(anonymous_6)
FN:62,extractPathnameAndQuery
FN:77,getUserIdFromReq
FN:87,findRouteByPathWithRoutes
FNF:10
FNH:10
FNDA:10,replaceEnvVars
FNDA:3,(anonymous_1)
FNDA:3,(anonymous_2)
FNDA:4,stripNginxHeaders
FNDA:9,joinPaths
FNDA:2,(anonymous_5)
FNDA:1,(anonymous_6)
FNDA:8,extractPathnameAndQuery
FNDA:4,getUserIdFromReq
FNDA:7,findRouteByPathWithRoutes
DA:1,2
DA:21,2
DA:22,10
DA:23,4
DA:24,3
DA:26,3
DA:28,6
DA:29,1
DA:30,5
DA:31,3
DA:32,3
DA:33,2
DA:35,3
DA:37,2
DA:40,2
DA:45,2
DA:46,4
DA:47,11
DA:51,2
DA:52,9
DA:53,9
DA:54,9
DA:55,9
DA:56,9
DA:57,9
DA:58,9
DA:59,9
DA:62,2
DA:63,8
DA:64,8
DA:65,3
DA:66,2
DA:68,5
DA:69,5
DA:72,1
DA:73,1
DA:77,2
DA:78,4
DA:79,4
DA:80,2
DA:81,2
DA:82,1
DA:84,1
DA:87,2
DA:88,7
DA:89,7
DA:90,7
DA:91,10
DA:92,9
DA:93,9
DA:94,6
DA:95,6
DA:96,6
DA:100,7
DA:103,2
LF:55
LH:55
BRDA:22,0,0,4
BRDA:22,0,1,6
BRDA:24,1,0,3
BRDA:24,1,1,1
BRDA:26,2,0,3
BRDA:26,2,1,1
BRDA:28,3,0,1
BRDA:28,3,1,5
BRDA:30,4,0,3
BRDA:30,5,0,5
BRDA:30,5,1,4
BRDA:47,6,0,5
BRDA:52,7,0,1
BRDA:53,8,0,5
BRDA:54,9,0,2
BRDA:55,10,0,4
BRDA:56,11,0,1
BRDA:56,11,1,1
BRDA:58,12,0,1
BRDA:64,13,0,3
BRDA:64,13,1,5
BRDA:69,14,0,5
BRDA:69,14,1,2
BRDA:69,15,0,3
BRDA:69,15,1,2
BRDA:73,16,0,1
BRDA:73,16,1,0
BRDA:73,17,0,0
BRDA:73,17,1,1
BRDA:78,18,0,4
BRDA:78,18,1,3
BRDA:79,19,0,2
BRDA:80,20,0,2
BRDA:80,20,1,2
BRDA:81,21,0,1
BRDA:81,22,0,2
BRDA:81,22,1,1
BRDA:81,22,2,1
BRDA:91,23,0,1
BRDA:92,24,0,9
BRDA:92,24,1,2
BRDA:92,25,0,0
BRDA:92,25,1,2
BRDA:93,26,0,6
BRDA:93,27,0,9
BRDA:93,27,1,6
BRDA:94,28,0,6
BRF:47
BRH:44
end_of_record
